<?xml version="1.0" encoding="UTF-8"?>
<testsuite xmlns:xsi="http://www.w3.org/2001/XMLSchema-instance" xsi:noNamespaceSchemaLocation="https://maven.apache.org/surefire/maven-surefire-plugin/xsd/surefire-test-report.xsd" name="org.acme.rest.json.RestJsonTest" time="8.207" tests="2" errors="0" skipped="0" failures="0">
  <properties>
[...]
</properties>
  <testcase name="fruits" classname="org.acme.rest.json.RestJsonTest" time="2.709"/>
  <testcase name="legumes" classname="org.acme.rest.json.RestJsonTest" time="0.135"/>
</testsuite>